<?xml version="1.0" encoding="UTF-8"?>
<!-- Generated by org.testng.reporters.JUnitReportReporter -->
<testsuite hostname="DESKTOP-23G39K0" failures="0" tests="2" name="DataDrivenTestiing.workDataFactory" time="1.608" errors="0" timestamp="2023-09-25T23:59:05 IST" skipped="0">
  <testcase classname="DataDrivenTestiing.workDataFactory" name="ReadNumericData" time="1.517"/>
  <system-out/>
  <testcase classname="DataDrivenTestiing.workDataFactory" name="ReadStringData" time="0.091"/>
  <system-out/>
</testsuite> <!-- DataDrivenTestiing.workDataFactory -->
