<?xml version="1.0" encoding="UTF-8"?>
<!-- Generated by org.testng.reporters.JUnitReportReporter -->
<testsuite hostname="DESKTOP-23G39K0" failures="0" tests="1" name="DataDrivenTestiing.testspecificNumericStringData" time="1.808" errors="0" timestamp="2024-01-01T13:43:06 IST" skipped="0">
  <testcase classname="DataDrivenTestiing.testspecificNumericStringData" name="NumericData" time="1.808"/>
  <system-out/>
</testsuite> <!-- DataDrivenTestiing.testspecificNumericStringData -->
