<?xml version="1.0" encoding="UTF-8"?>
<!-- Generated by org.testng.reporters.JUnitReportReporter -->
<testsuite hostname="DESKTOP-23G39K0" failures="0" tests="3" name="learntestng.group2" time="0.007" errors="0" timestamp="2023-09-22T11:10:08 IST" skipped="0">
  <testcase classname="learntestng.group2" name="d" time="0.003"/>
  <system-out/>
  <testcase classname="learntestng.group2" name="e" time="0.002"/>
  <system-out/>
  <testcase classname="learntestng.group2" name="f" time="0.002"/>
  <system-out/>
</testsuite> <!-- learntestng.group2 -->
