<?xml version="1.0" encoding="UTF-8"?>
<!-- Generated by org.testng.reporters.JUnitReportReporter -->
<testsuite hostname="DESKTOP-23G39K0" failures="0" tests="1" name="crossBrowsingTesting.BrowserTestNg" time="12.533" errors="0" timestamp="2023-12-30T12:48:25 IST" skipped="0">
  <testcase classname="crossBrowsingTesting.BrowserTestNg" name="browserDemo" time="12.533"/>
  <system-out/>
</testsuite> <!-- crossBrowsingTesting.BrowserTestNg -->
