<?xml version="1.0" encoding="UTF-8"?>
<!-- Generated by org.testng.reporters.JUnitReportReporter -->
<testsuite hostname="DESKTOP-23G39K0" failures="0" tests="3" name="DataDrivenTestiing.DDDemoTest" time="0.016" errors="0" timestamp="2024-01-02T17:07:11 IST" skipped="0">
  <testcase classname="DataDrivenTestiing.DDDemoTest" name="testLogin" time="0.004"/>
  <system-out/>
  <testcase classname="DataDrivenTestiing.DDDemoTest" name="testLogin" time="0.010"/>
  <system-out/>
  <testcase classname="DataDrivenTestiing.DDDemoTest" name="testLogin" time="0.002"/>
  <system-out/>
</testsuite> <!-- DataDrivenTestiing.DDDemoTest -->
