<?xml version="1.0" encoding="UTF-8"?>
<!-- Generated by org.testng.reporters.JUnitReportReporter -->
<testsuite hostname="DESKTOP-23G39K0" failures="0" tests="6" name="learntestng.TestNgExecutePreAndPostCondtion" time="19.025" errors="0" timestamp="2023-09-21T10:35:56 IST" skipped="0">
  <testcase classname="learntestng.TestNgExecutePreAndPostCondtion" name="loginpage" time="2.741"/>
  <system-out/>
  <testcase classname="learntestng.TestNgExecutePreAndPostCondtion" name="homepage" time="2.710"/>
  <system-out/>
  <testcase classname="learntestng.TestNgExecutePreAndPostCondtion" name="productpage" time="4.933"/>
  <system-out/>
  <testcase classname="learntestng.TestNgExecutePreAndPostCondtion" name="addtocartpage" time="2.683"/>
  <system-out/>
  <testcase classname="learntestng.TestNgExecutePreAndPostCondtion" name="paymentpage" time="3.049"/>
  <system-out/>
  <testcase classname="learntestng.TestNgExecutePreAndPostCondtion" name="logoutpage" time="2.909"/>
  <system-out/>
</testsuite> <!-- learntestng.TestNgExecutePreAndPostCondtion -->
