<?xml version="1.0" encoding="UTF-8"?>
<!-- Generated by org.testng.reporters.JUnitReportReporter -->
<testsuite hostname="DESKTOP-23G39K0" failures="0" tests="1" name="crossBrowsingTesting.CrossTest" time="7.484" errors="0" timestamp="2023-11-11T19:20:13 IST" skipped="0">
  <testcase classname="crossBrowsingTesting.CrossTest" name="sampleTest" time="7.484"/>
  <system-out/>
</testsuite> <!-- crossBrowsingTesting.CrossTest -->
