<?xml version="1.0" encoding="UTF-8"?>
<!-- Generated by org.testng.reporters.JUnitReportReporter -->
<testsuite hostname="DESKTOP-23G39K0" failures="0" tests="1" name="groups.group1" time="0.016" errors="0" timestamp="2023-09-22T11:37:45 IST" skipped="0">
  <testcase classname="groups.group1" name="a" time="0.016"/>
  <system-out/>
</testsuite> <!-- groups.group1 -->
