<?xml version="1.0" encoding="UTF-8"?>
<!-- Generated by org.testng.reporters.JUnitReportReporter -->
<testsuite hostname="DESKTOP-23G39K0" failures="0" tests="3" name="DataDrivenTestiing.DDDemo" time="0.020" errors="0" timestamp="2024-01-02T13:05:51 IST" skipped="0">
  <testcase classname="DataDrivenTestiing.DDDemo" name="testlogin" time="0.003"/>
  <system-out/>
  <testcase classname="DataDrivenTestiing.DDDemo" name="testlogin" time="0.014"/>
  <system-out/>
  <testcase classname="DataDrivenTestiing.DDDemo" name="testlogin" time="0.003"/>
  <system-out/>
</testsuite> <!-- DataDrivenTestiing.DDDemo -->
