<?xml version="1.0" encoding="UTF-8"?>
<!-- Generated by org.testng.reporters.JUnitReportReporter -->
<testsuite hostname="DESKTOP-23G39K0" failures="0" tests="3" name="learntestng.group1" time="0.024" errors="0" timestamp="2023-09-22T11:10:08 IST" skipped="0">
  <testcase classname="learntestng.group1" name="c" time="0.002"/>
  <system-out/>
  <testcase classname="learntestng.group1" name="b" time="0.002"/>
  <system-out/>
  <testcase classname="learntestng.group1" name="a" time="0.020"/>
  <system-out/>
</testsuite> <!-- learntestng.group1 -->
