<?xml version="1.0" encoding="UTF-8"?>
<!-- Generated by org.testng.reporters.JUnitReportReporter -->
<testsuite hostname="DESKTOP-23G39K0" failures="0" tests="1" name="groups.group3" time="0.014" errors="0" timestamp="2023-09-27T11:12:43 IST" skipped="0">
  <testcase classname="groups.group3" name="g" time="0.014"/>
  <system-out/>
</testsuite> <!-- groups.group3 -->
