<?xml version="1.0" encoding="UTF-8"?>
<!-- Generated by org.testng.reporters.JUnitReportReporter -->
<testsuite hostname="DESKTOP-23G39K0" failures="0" tests="1" name="DataDrivenTestiing.testSpecificDataFromExcel" time="1.661" errors="0" timestamp="2024-01-01T19:16:17 IST" skipped="0">
  <testcase classname="DataDrivenTestiing.testSpecificDataFromExcel" name="StringWorkBookFactory" time="1.661"/>
  <system-out/>
</testsuite> <!-- DataDrivenTestiing.testSpecificDataFromExcel -->
