<?xml version="1.0" encoding="UTF-8"?>
<!-- Generated by org.testng.reporters.JUnitReportReporter -->
<testsuite hostname="DESKTOP-23G39K0" failures="0" tests="1" name="groups.group2" time="0.016" errors="0" timestamp="2023-09-23T12:05:53 IST" skipped="0">
  <testcase classname="groups.group2" name="e" time="0.016"/>
  <system-out/>
</testsuite> <!-- groups.group2 -->
