<?xml version="1.0" encoding="UTF-8"?>
<!-- Generated by org.testng.reporters.JUnitReportReporter -->
<testsuite hostname="DESKTOP-23G39K0" failures="0" tests="1" name="learntestng.Arguments" time="0.006" errors="0" timestamp="2023-09-16T12:47:11 IST" skipped="0">
  <testcase classname="learntestng.Arguments" name="demo" time="0.006"/>
  <system-out/>
</testsuite> <!-- learntestng.Arguments -->
