<?xml version="1.0" encoding="UTF-8"?>
<!-- Generated by org.testng.reporters.JUnitReportReporter -->
<testsuite hostname="DESKTOP-23G39K0" failures="0" tests="2" name="DataDrivenTestiing.ReadthedatafromExcel" time="2.130" errors="0" timestamp="2024-01-01T20:48:48 IST" skipped="0">
  <testcase classname="DataDrivenTestiing.ReadthedatafromExcel" name="readStringData" time="0.213"/>
  <system-out/>
  <testcase classname="DataDrivenTestiing.ReadthedatafromExcel" name="readNumericData" time="1.917"/>
  <system-out/>
</testsuite> <!-- DataDrivenTestiing.ReadthedatafromExcel -->
