<?xml version="1.0" encoding="UTF-8"?>
<!-- Generated by org.testng.reporters.JUnitReportReporter -->
<testsuite hostname="DESKTOP-23G39K0" failures="0" tests="13" name="learntestng.PriorityInvocation" time="0.073" errors="0" timestamp="2023-09-16T12:47:11 IST" skipped="0">
  <testcase classname="learntestng.PriorityInvocation" name="paymentpage" time="0.002"/>
  <system-out/>
  <testcase classname="learntestng.PriorityInvocation" name="loginpage" time="0.003"/>
  <system-out/>
  <testcase classname="learntestng.PriorityInvocation" name="homepage" time="0.005"/>
  <system-out/>
  <testcase classname="learntestng.PriorityInvocation" name="addtocart" time="0.026"/>
  <system-out/>
  <testcase classname="learntestng.PriorityInvocation" name="homepage" time="0.002"/>
  <system-out/>
  <testcase classname="learntestng.PriorityInvocation" name="productpage" time="0.002"/>
  <system-out/>
  <testcase classname="learntestng.PriorityInvocation" name="homepage" time="0.011"/>
  <system-out/>
  <testcase classname="learntestng.PriorityInvocation" name="productpage" time="0.002"/>
  <system-out/>
  <testcase classname="learntestng.PriorityInvocation" name="addtocart" time="0.009"/>
  <system-out/>
  <testcase classname="learntestng.PriorityInvocation" name="productpage" time="0.003"/>
  <system-out/>
  <testcase classname="learntestng.PriorityInvocation" name="loginpage" time="0.002"/>
  <system-out/>
  <testcase classname="learntestng.PriorityInvocation" name="loginpage" time="0.002"/>
  <system-out/>
  <testcase classname="learntestng.PriorityInvocation" name="paymentpage" time="0.004"/>
  <system-out/>
</testsuite> <!-- learntestng.PriorityInvocation -->
