<?xml version="1.0" encoding="UTF-8"?>
<!-- Generated by org.testng.reporters.JUnitReportReporter -->
<testsuite hostname="DESKTOP-23G39K0" failures="0" tests="1" name="ActionsClass.ExecuteAllTheActionsMethod" time="52.617" errors="0" timestamp="2023-09-28T11:50:24 IST" skipped="0">
  <testcase classname="ActionsClass.ExecuteAllTheActionsMethod" name="moveToEle" time="52.617"/>
  <system-out/>
</testsuite> <!-- ActionsClass.ExecuteAllTheActionsMethod -->
