<?xml version="1.0" encoding="UTF-8"?>
<!-- Generated by org.testng.reporters.JUnitReportReporter -->
<testsuite hostname="DESKTOP-23G39K0" failures="0" tests="1" name="DataDrivenTestiing.ReadTheDataFrom_Suite_XML_File" time="18.152" errors="0" timestamp="2023-10-21T19:58:10 IST" skipped="0">
  <testcase classname="DataDrivenTestiing.ReadTheDataFrom_Suite_XML_File" name="getTheDataXMLFile" time="18.152"/>
  <system-out/>
</testsuite> <!-- DataDrivenTestiing.ReadTheDataFrom_Suite_XML_File -->
